<?xml version="1.0" encoding="UTF-8"?>
<testng-results ignored="0" total="2" passed="2" failed="0" skipped="0">
  <reporter-output>
    <line>
      <![CDATA[testAddBooking_MissingFirstName: PASSED]]>
    </line>
    <line>
      <![CDATA[testAddBooking_PositiveScenario: PASSED]]>
    </line>
  </reporter-output>
  <suite started-at="2025-01-24T10:03:01 IST" name="Default suite" finished-at="2025-01-24T10:03:07 IST" duration-ms="6365">
    <groups>
    </groups>
    <test started-at="2025-01-24T10:03:01 IST" name="Default test" finished-at="2025-01-24T10:03:07 IST" duration-ms="6365">
      <class name="RestAssured.IATest">
        <test-method is-config="true" signature="beforeTest()[pri:0, instance:RestAssured.IATest@505fc5a4]" started-at="2025-01-24T10:03:01 IST" name="beforeTest" finished-at="2025-01-24T10:03:01 IST" duration-ms="415" status="PASS">
          <reporter-output>
          </reporter-output>
        </test-method> <!-- beforeTest -->
        <test-method signature="testAddBooking_MissingFirstName()[pri:0, instance:RestAssured.IATest@505fc5a4]" started-at="2025-01-24T10:03:01 IST" name="testAddBooking_MissingFirstName" finished-at="2025-01-24T10:03:04 IST" duration-ms="2627" status="PASS">
          <reporter-output>
            <line>
              <![CDATA[testAddBooking_MissingFirstName: PASSED]]>
            </line>
          </reporter-output>
        </test-method> <!-- testAddBooking_MissingFirstName -->
        <test-method signature="testAddBooking_PositiveScenario()[pri:0, instance:RestAssured.IATest@505fc5a4]" started-at="2025-01-24T10:03:04 IST" name="testAddBooking_PositiveScenario" finished-at="2025-01-24T10:03:07 IST" duration-ms="3291" status="PASS">
          <reporter-output>
            <line>
              <![CDATA[testAddBooking_PositiveScenario: PASSED]]>
            </line>
          </reporter-output>
        </test-method> <!-- testAddBooking_PositiveScenario -->
      </class> <!-- RestAssured.IATest -->
    </test> <!-- Default test -->
  </suite> <!-- Default suite -->
</testng-results>
