<?xml version="1.0" encoding="UTF-8"?>
<!-- Generated by org.testng.reporters.JUnitXMLReporter -->
<testsuite ignored="0" hostname="FA059912" failures="1" tests="2" name="Test" time="7.571" errors="0" timestamp="2025-01-24T09:51:53 IST">
  <testcase classname="RestAssured.IATest" name="testAddBooking_MissingFirstName" time="3.685"/>
  <testcase classname="RestAssured.IATest" name="testAddBooking_PositiveScenario" time="3.419">
    <failure type="java.lang.AssertionError" message="1 expectation failed.
JSON path totalprice doesn&amp;apos;t match.
Expected: a numeric value within &amp;lt;0.01&amp;gt; of &amp;lt;10.11&amp;gt;
  Actual: &amp;lt;10&amp;gt;
">
      <![CDATA[java.lang.AssertionError: 1 expectation failed.
JSON path totalprice doesn't match.
Expected: a numeric value within <0.01> of <10.11>
  Actual: <10>

at org.codehaus.groovy.runtime.callsite.ConstructorSite$ConstructorSiteNoUnwrapNoCoerce.callConstructor(ConstructorSite.java:108)
at org.codehaus.groovy.runtime.callsite.CallSiteArray.defaultCallConstructor(CallSiteArray.java:57)
at org.codehaus.groovy.runtime.callsite.AbstractCallSite.callConstructor(AbstractCallSite.java:263)
at org.codehaus.groovy.runtime.callsite.AbstractCallSite.callConstructor(AbstractCallSite.java:277)
at io.restassured.internal.ResponseSpecificationImpl$HamcrestAssertionClosure.validate(ResponseSpecificationImpl.groovy:512)
at io.restassured.internal.ResponseSpecificationImpl$HamcrestAssertionClosure$validate$1.call(Unknown Source)
at io.restassured.internal.ResponseSpecificationImpl.validateResponseIfRequired(ResponseSpecificationImpl.groovy:696)
at io.restassured.internal.ResponseSpecificationImpl.this$2$validateResponseIfRequired(ResponseSpecificationImpl.groovy)
at org.codehaus.groovy.runtime.callsite.PlainObjectMetaMethodSite.doInvoke(PlainObjectMetaMethodSite.java:43)
at org.codehaus.groovy.runtime.callsite.PogoMetaMethodSite$PogoCachedMethodSiteNoUnwrapNoCoerce.invoke(PogoMetaMethodSite.java:198)
at org.codehaus.groovy.runtime.callsite.PogoMetaMethodSite.callCurrent(PogoMetaMethodSite.java:62)
at org.codehaus.groovy.runtime.callsite.AbstractCallSite.callCurrent(AbstractCallSite.java:185)
at io.restassured.internal.ResponseSpecificationImpl.body(ResponseSpecificationImpl.groovy:270)
at io.restassured.specification.ResponseSpecification$body$0.callCurrent(Unknown Source)
at org.codehaus.groovy.runtime.callsite.CallSiteArray.defaultCallCurrent(CallSiteArray.java:49)
at io.restassured.specification.ResponseSpecification$body$0.callCurrent(Unknown Source)
at io.restassured.internal.ResponseSpecificationImpl.body(ResponseSpecificationImpl.groovy:117)
at io.restassured.internal.ValidatableResponseOptionsImpl.body(ValidatableResponseOptionsImpl.java:244)
at RestAssured.BookingDetails.PositiveScenario(BookingDetails.java:52)
at RestAssured.IATest.testAddBooking_PositiveScenario(IATest.java:33)
at java.base/java.util.ArrayList.forEach(ArrayList.java:1511)
... Removed 37 stack frames]]>
    </failure>
  </testcase> <!-- testAddBooking_PositiveScenario -->
</testsuite> <!-- Test -->
