<?xml version="1.0" encoding="UTF-8"?>
<testsuite xmlns:xsi="http://www.w3.org/2001/XMLSchema-instance" xsi:noNamespaceSchemaLocation="https://maven.apache.org/surefire/maven-surefire-plugin/xsd/surefire-test-report-3.0.xsd" version="3.0" name="IATest" time="2.504" tests="1" errors="0" skipped="0" failures="0">
  <properties>
[...]
</properties>
  <testcase name="PostResTest" classname="IATest" time="1.976">
    <system-out><![CDATA[{"name":"morpheus","job":"leader"}
HTTP/1.1 201 Created
Date: Tue, 21 Jan 2025 12:36:11 GMT
Content-Type: application/json; charset=utf-8
Content-Length: 51
Connection: keep-alive
Report-To: {"group":"heroku-nel","max_age":3600,"endpoints":[{"url":"https://nel.heroku.com/reports?ts=1737462971&sid=c4c9725f-1ab0-44d8-820f-430df2718e11&s=d7qscjBHyCqHitKCPZ43lkkgESfmDZWfGsJ8xLlM4Tk%3D"}]}
Reporting-Endpoints: heroku-nel=https://nel.heroku.com/reports?ts=1737462971&sid=c4c9725f-1ab0-44d8-820f-430df2718e11&s=d7qscjBHyCqHitKCPZ43lkkgESfmDZWfGsJ8xLlM4Tk%3D
Nel: {"report_to":"heroku-nel","max_age":3600,"success_fraction":0.005,"failure_fraction":0.05,"response_headers":["Via"]}
X-Powered-By: Express
Access-Control-Allow-Origin: *
Etag: W/"33-rzL8XARTnAMsCn7sTqyZQQxZiGw"
Via: 1.1 vegur
cf-cache-status: DYNAMIC
Server: cloudflare
CF-RAY: 90575931de255999-DEL
server-timing: cfL4;desc="?proto=TCP&rtt=9393&min_rtt=5842&rtt_var=5530&sent=7&recv=7&lost=0&retrans=0&sent_bytes=3107&recv_bytes=796&delivery_rate=482026&cwnd=252&unsent_bytes=0&cid=ebcda5da8d013bcc&ts=524&x=0"

{
    "id": "687",
    "createdAt": "2025-01-21T12:36:11.495Z"
}
]]></system-out>
    <system-err><![CDATA[SLF4J: Failed to load class "org.slf4j.impl.StaticLoggerBinder".
SLF4J: Defaulting to no-operation (NOP) logger implementation
SLF4J: See http://www.slf4j.org/codes.html#StaticLoggerBinder for further details.
]]></system-err>
  </testcase>
</testsuite>